<?xml version="1.0" encoding="utf-8"?><testsuites name="pytest tests"><testsuite name="pytest" errors="0" failures="0" skipped="0" tests="11" time="4.957" timestamp="2026-02-08T05:02:35.226589+00:00" hostname="agent-env-5fa2a63d-9014-46b4-a34e-4dbc798bb246"><testcase classname="backend.tests.test_spell_correction.TestSpellCorrection" name="test_misspelled_curcumin_gets_suggestion" time="0.452" /><testcase classname="backend.tests.test_spell_correction.TestSpellCorrection" name="test_misspelled_ashwagandha_gets_suggestion" time="0.193" /><testcase classname="backend.tests.test_spell_correction.TestSpellCorrection" name="test_misspelled_turmeric_gets_suggestion" time="0.146" /><testcase classname="backend.tests.test_spell_correction.TestSpellCorrection" name="test_misspelled_ginseng_gets_suggestion" time="0.172" /><testcase classname="backend.tests.test_spell_correction.TestSpellCorrection" name="test_correct_spelling_no_suggestion" time="0.158" /><testcase classname="backend.tests.test_spell_correction.TestSpellCorrection" name="test_correct_spelling_ashwagandha_no_suggestion" time="0.529" /><testcase classname="backend.tests.test_spell_correction.TestSpellCorrection" name="test_search_response_structure" time="1.790" /><testcase classname="backend.tests.test_spell_correction.TestSpellCorrection" name="test_empty_query_no_suggestion" time="0.037" /><testcase classname="backend.tests.test_spell_correction.TestSpellCorrection" name="test_short_query_no_suggestion" time="0.653" /><testcase classname="backend.tests.test_spell_correction.TestPubMedSearchWithFilters" name="test_search_with_study_type_filter" time="0.626" /><testcase classname="backend.tests.test_spell_correction.TestPubMedSearchWithFilters" name="test_search_with_date_filter" time="0.149" /></testsuite></testsuites>