<?xml version="1.0" encoding="utf-8"?><testsuites name="pytest tests"><testsuite name="pytest" errors="0" failures="0" skipped="0" tests="21" time="2.704" timestamp="2026-02-08T06:10:47.406269+00:00" hostname="agent-env-5fa2a63d-9014-46b4-a34e-4dbc798bb246"><testcase classname="backend.tests.test_practitioner_verification.TestPractitionerVerification" name="test_submit_verification_request" time="0.380" /><testcase classname="backend.tests.test_practitioner_verification.TestPractitionerVerification" name="test_get_my_verification_status" time="0.040" /><testcase classname="backend.tests.test_practitioner_verification.TestPractitionerVerification" name="test_get_my_status_without_auth" time="0.041" /><testcase classname="backend.tests.test_practitioner_verification.TestPractitionerVerification" name="test_admin_get_all_verifications" time="0.303" /><testcase classname="backend.tests.test_practitioner_verification.TestPractitionerVerification" name="test_admin_get_verifications_with_filter" time="0.039" /><testcase classname="backend.tests.test_practitioner_verification.TestAdminVerificationReview" name="test_approve_verification" time="0.399" /><testcase classname="backend.tests.test_practitioner_verification.TestAdminVerificationReview" name="test_reject_verification_invalid_id" time="0.039" /><testcase classname="backend.tests.test_practitioner_verification.TestCompoundAnnotations" name="test_get_compound_annotations_public" time="0.037" /><testcase classname="backend.tests.test_practitioner_verification.TestCompoundAnnotations" name="test_get_compound_annotations_authenticated" time="0.314" /><testcase classname="backend.tests.test_practitioner_verification.TestCompoundAnnotations" name="test_create_annotation_research_insight" time="0.047" /><testcase classname="backend.tests.test_practitioner_verification.TestCompoundAnnotations" name="test_create_annotation_dosage_guidance" time="0.038" /><testcase classname="backend.tests.test_practitioner_verification.TestCompoundAnnotations" name="test_create_clinical_note_requires_verification" time="0.304" /><testcase classname="backend.tests.test_practitioner_verification.TestCompoundAnnotations" name="test_create_annotation_without_auth" time="0.037" /><testcase classname="backend.tests.test_practitioner_verification.TestAnnotationInteractions" name="test_mark_annotation_helpful" time="0.352" /><testcase classname="backend.tests.test_practitioner_verification.TestAnnotationInteractions" name="test_delete_annotation" time="0.040" /><testcase classname="backend.tests.test_practitioner_verification.TestAnnotationInteractions" name="test_delete_annotation_invalid_id" time="0.035" /><testcase classname="backend.tests.test_practitioner_verification.TestAPIEndpointsExist" name="test_practitioners_verify_endpoint_exists" time="0.034" /><testcase classname="backend.tests.test_practitioner_verification.TestAPIEndpointsExist" name="test_practitioners_my_status_endpoint_exists" time="0.042" /><testcase classname="backend.tests.test_practitioner_verification.TestAPIEndpointsExist" name="test_admin_verifications_endpoint_exists" time="0.039" /><testcase classname="backend.tests.test_practitioner_verification.TestAPIEndpointsExist" name="test_compound_annotations_get_endpoint_exists" time="0.045" /><testcase classname="backend.tests.test_practitioner_verification.TestAPIEndpointsExist" name="test_compound_annotations_post_endpoint_exists" time="0.037" /></testsuite></testsuites>