<?xml version="1.0" encoding="utf-8"?><testsuites name="pytest tests"><testsuite name="pytest" errors="0" failures="0" skipped="0" tests="14" time="33.005" timestamp="2026-02-08T05:25:58.820398+00:00" hostname="agent-env-5fa2a63d-9014-46b4-a34e-4dbc798bb246"><testcase classname="backend.tests.test_new_features.TestSpellCorrection" name="test_spell_suggestion_ashwaghanda" time="0.524" /><testcase classname="backend.tests.test_new_features.TestSpellCorrection" name="test_spell_suggestion_curcuminn" time="0.332" /><testcase classname="backend.tests.test_new_features.TestSpellCorrection" name="test_spell_suggestion_turmric" time="0.152" /><testcase classname="backend.tests.test_new_features.TestSpellCorrection" name="test_no_suggestion_for_correct_spelling" time="0.151" /><testcase classname="backend.tests.test_new_features.TestSpellCorrection" name="test_pubmed_search_returns_articles" time="0.645" /><testcase classname="backend.tests.test_new_features.TestAISearch" name="test_ai_search_endpoint_exists" time="8.284" /><testcase classname="backend.tests.test_new_features.TestAISearch" name="test_ai_search_returns_valid_response" time="7.528" /><testcase classname="backend.tests.test_new_features.TestAISearch" name="test_ai_search_suggested_terms" time="7.282" /><testcase classname="backend.tests.test_new_features.TestAISearch" name="test_ai_search_related_topics" time="6.008" /><testcase classname="backend.tests.test_new_features.TestAISearch" name="test_ai_search_empty_query_rejected" time="0.086" /><testcase classname="backend.tests.test_new_features.TestAuthentication" name="test_login_with_admin_credentials" time="0.284" /><testcase classname="backend.tests.test_new_features.TestAPIHealth" name="test_api_root" time="0.034" /><testcase classname="backend.tests.test_new_features.TestAPIHealth" name="test_pubmed_search_with_filters" time="0.790" /><testcase classname="backend.tests.test_new_features.TestAPIHealth" name="test_pubmed_search_with_date_filter" time="0.836" /></testsuite></testsuites>