<?xml version="1.0" encoding="utf-8"?><testsuites name="pytest tests"><testsuite name="pytest" errors="0" failures="0" skipped="0" tests="22" time="6.080" timestamp="2026-02-08T02:41:09.267963+00:00" hostname="agent-env-9b9e9de1-a9ad-461f-8cc6-3d2e18c3c6db"><testcase classname="backend.tests.test_user_profile_features.TestHealthCheck" name="test_api_health" time="0.078" /><testcase classname="backend.tests.test_user_profile_features.TestAuthLogin" name="test_login_admin_user" time="0.324" /><testcase classname="backend.tests.test_user_profile_features.TestAuthLogin" name="test_login_invalid_credentials" time="0.039" /><testcase classname="backend.tests.test_user_profile_features.TestUserProfile" name="test_get_user_profile" time="0.293" /><testcase classname="backend.tests.test_user_profile_features.TestUserProfile" name="test_get_profile_without_token" time="0.033" /><testcase classname="backend.tests.test_user_profile_features.TestUserProfile" name="test_get_profile_invalid_token" time="0.034" /><testcase classname="backend.tests.test_user_profile_features.TestSavedArticles" name="test_save_article" time="0.330" /><testcase classname="backend.tests.test_user_profile_features.TestSavedArticles" name="test_save_duplicate_article" time="0.360" /><testcase classname="backend.tests.test_user_profile_features.TestSavedArticles" name="test_delete_saved_article" time="0.333" /><testcase classname="backend.tests.test_user_profile_features.TestSavedArticles" name="test_delete_nonexistent_article" time="0.289" /><testcase classname="backend.tests.test_user_profile_features.TestSavedArticles" name="test_get_saved_articles" time="0.289" /><testcase classname="backend.tests.test_user_profile_features.TestSearchHistory" name="test_add_search_history" time="0.361" /><testcase classname="backend.tests.test_user_profile_features.TestSearchHistory" name="test_delete_search_history_entry" time="0.369" /><testcase classname="backend.tests.test_user_profile_features.TestSearchHistory" name="test_delete_nonexistent_history_entry" time="0.287" /><testcase classname="backend.tests.test_user_profile_features.TestSearchHistory" name="test_clear_all_search_history" time="0.433" /><testcase classname="backend.tests.test_user_profile_features.TestPubMedSearch" name="test_pubmed_search_basic" time="0.572" /><testcase classname="backend.tests.test_user_profile_features.TestPubMedSearch" name="test_pubmed_search_with_filters" time="0.367" /><testcase classname="backend.tests.test_user_profile_features.TestPubMedSearch" name="test_pubmed_search_empty_query" time="0.030" /><testcase classname="backend.tests.test_user_profile_features.TestRateLimiting" name="test_rate_limit_headers_on_pubmed_search" time="0.136" /><testcase classname="backend.tests.test_user_profile_features.TestRateLimiting" name="test_rate_limit_headers_on_login" time="0.254" /><testcase classname="backend.tests.test_user_profile_features.TestProfileIntegration" name="test_profile_reflects_saved_article" time="0.421" /><testcase classname="backend.tests.test_user_profile_features.TestProfileIntegration" name="test_profile_reflects_search_history" time="0.356" /></testsuite></testsuites>