<?xml version="1.0" encoding="utf-8"?><testsuites name="pytest tests"><testsuite name="pytest" errors="0" failures="6" skipped="3" tests="21" time="2.687" timestamp="2026-02-08T06:08:00.522988+00:00" hostname="agent-env-5fa2a63d-9014-46b4-a34e-4dbc798bb246"><testcase classname="backend.tests.test_practitioner_verification.TestPractitionerVerification" name="test_submit_verification_request" time="0.388"><failure message="AssertionError: Unexpected status: 422, {&quot;detail&quot;:[{&quot;type&quot;:&quot;missing&quot;,&quot;loc&quot;:[&quot;query&quot;,&quot;token&quot;],&quot;msg&quot;:&quot;Field required&quot;,&quot;input&quot;:null,&quot;url&quot;:&quot;https://errors.pydantic.dev/2.12/v/missing&quot;}]}&#10;assert 422 in [200, 201, 400]&#10; +  where 422 = &lt;Response [422]&gt;.status_code">backend/tests/test_practitioner_verification.py:91: in test_submit_verification_request
    assert response.status_code in [200, 201, 400], f"Unexpected status: {response.status_code}, {response.text}"
E   AssertionError: Unexpected status: 422, {"detail":[{"type":"missing","loc":["query","token"],"msg":"Field required","input":null,"url":"https://errors.pydantic.dev/2.12/v/missing"}]}
E   assert 422 in [200, 201, 400]
E    +  where 422 = &lt;Response [422]&gt;.status_code</failure></testcase><testcase classname="backend.tests.test_practitioner_verification.TestPractitionerVerification" name="test_get_my_verification_status" time="0.040"><failure message="AssertionError: Failed: 422, {&quot;detail&quot;:[{&quot;type&quot;:&quot;missing&quot;,&quot;loc&quot;:[&quot;query&quot;,&quot;token&quot;],&quot;msg&quot;:&quot;Field required&quot;,&quot;input&quot;:null,&quot;url&quot;:&quot;https://errors.pydantic.dev/2.12/v/missing&quot;}]}&#10;assert 422 == 200&#10; +  where 422 = &lt;Response [422]&gt;.status_code">backend/tests/test_practitioner_verification.py:111: in test_get_my_verification_status
    assert response.status_code == 200, f"Failed: {response.status_code}, {response.text}"
E   AssertionError: Failed: 422, {"detail":[{"type":"missing","loc":["query","token"],"msg":"Field required","input":null,"url":"https://errors.pydantic.dev/2.12/v/missing"}]}
E   assert 422 == 200
E    +  where 422 = &lt;Response [422]&gt;.status_code</failure></testcase><testcase classname="backend.tests.test_practitioner_verification.TestPractitionerVerification" name="test_get_my_status_without_auth" time="0.041" /><testcase classname="backend.tests.test_practitioner_verification.TestPractitionerVerification" name="test_admin_get_all_verifications" time="0.303" /><testcase classname="backend.tests.test_practitioner_verification.TestPractitionerVerification" name="test_admin_get_verifications_with_filter" time="0.044" /><testcase classname="backend.tests.test_practitioner_verification.TestAdminVerificationReview" name="test_approve_verification" time="0.300"><skipped type="pytest.skip" message="No pending verification to test">/app/backend/tests/test_practitioner_verification.py:197: No pending verification to test</skipped></testcase><testcase classname="backend.tests.test_practitioner_verification.TestAdminVerificationReview" name="test_reject_verification_invalid_id" time="0.076" /><testcase classname="backend.tests.test_practitioner_verification.TestCompoundAnnotations" name="test_get_compound_annotations_public" time="0.037" /><testcase classname="backend.tests.test_practitioner_verification.TestCompoundAnnotations" name="test_get_compound_annotations_authenticated" time="0.308" /><testcase classname="backend.tests.test_practitioner_verification.TestCompoundAnnotations" name="test_create_annotation_research_insight" time="0.045"><failure message="AssertionError: Failed: 422, {&quot;detail&quot;:[{&quot;type&quot;:&quot;missing&quot;,&quot;loc&quot;:[&quot;query&quot;,&quot;token&quot;],&quot;msg&quot;:&quot;Field required&quot;,&quot;input&quot;:null,&quot;url&quot;:&quot;https://errors.pydantic.dev/2.12/v/missing&quot;}]}&#10;assert 422 in [200, 201]&#10; +  where 422 = &lt;Response [422]&gt;.status_code">backend/tests/test_practitioner_verification.py:288: in test_create_annotation_research_insight
    assert response.status_code in [200, 201], f"Failed: {response.status_code}, {response.text}"
E   AssertionError: Failed: 422, {"detail":[{"type":"missing","loc":["query","token"],"msg":"Field required","input":null,"url":"https://errors.pydantic.dev/2.12/v/missing"}]}
E   assert 422 in [200, 201]
E    +  where 422 = &lt;Response [422]&gt;.status_code</failure></testcase><testcase classname="backend.tests.test_practitioner_verification.TestCompoundAnnotations" name="test_create_annotation_dosage_guidance" time="0.040"><failure message="AssertionError: Failed: 422, {&quot;detail&quot;:[{&quot;type&quot;:&quot;missing&quot;,&quot;loc&quot;:[&quot;query&quot;,&quot;token&quot;],&quot;msg&quot;:&quot;Field required&quot;,&quot;input&quot;:null,&quot;url&quot;:&quot;https://errors.pydantic.dev/2.12/v/missing&quot;}]}&#10;assert 422 in [200, 201]&#10; +  where 422 = &lt;Response [422]&gt;.status_code">backend/tests/test_practitioner_verification.py:316: in test_create_annotation_dosage_guidance
    assert response.status_code in [200, 201], f"Failed: {response.status_code}, {response.text}"
E   AssertionError: Failed: 422, {"detail":[{"type":"missing","loc":["query","token"],"msg":"Field required","input":null,"url":"https://errors.pydantic.dev/2.12/v/missing"}]}
E   assert 422 in [200, 201]
E    +  where 422 = &lt;Response [422]&gt;.status_code</failure></testcase><testcase classname="backend.tests.test_practitioner_verification.TestCompoundAnnotations" name="test_create_clinical_note_requires_verification" time="0.298"><failure message="AssertionError: Expected 403: 422, {&quot;detail&quot;:[{&quot;type&quot;:&quot;missing&quot;,&quot;loc&quot;:[&quot;query&quot;,&quot;token&quot;],&quot;msg&quot;:&quot;Field required&quot;,&quot;input&quot;:null,&quot;url&quot;:&quot;https://errors.pydantic.dev/2.12/v/missing&quot;}]}&#10;assert 422 == 403&#10; +  where 422 = &lt;Response [422]&gt;.status_code">backend/tests/test_practitioner_verification.py:351: in test_create_clinical_note_requires_verification
    assert response.status_code == 403, f"Expected 403: {response.status_code}, {response.text}"
E   AssertionError: Expected 403: 422, {"detail":[{"type":"missing","loc":["query","token"],"msg":"Field required","input":null,"url":"https://errors.pydantic.dev/2.12/v/missing"}]}
E   assert 422 == 403
E    +  where 422 = &lt;Response [422]&gt;.status_code</failure></testcase><testcase classname="backend.tests.test_practitioner_verification.TestCompoundAnnotations" name="test_create_annotation_without_auth" time="0.041" /><testcase classname="backend.tests.test_practitioner_verification.TestAnnotationInteractions" name="test_mark_annotation_helpful" time="0.301"><skipped type="pytest.skip" message="No test annotation">/app/backend/tests/test_practitioner_verification.py:413: No test annotation</skipped></testcase><testcase classname="backend.tests.test_practitioner_verification.TestAnnotationInteractions" name="test_delete_annotation" time="0.000"><skipped type="pytest.skip" message="No test annotation">/app/backend/tests/test_practitioner_verification.py:431: No test annotation</skipped></testcase><testcase classname="backend.tests.test_practitioner_verification.TestAnnotationInteractions" name="test_delete_annotation_invalid_id" time="0.047"><failure message="AssertionError: Expected 404: 422&#10;assert 422 == 404&#10; +  where 422 = &lt;Response [422]&gt;.status_code">backend/tests/test_practitioner_verification.py:450: in test_delete_annotation_invalid_id
    assert response.status_code == 404, f"Expected 404: {response.status_code}"
E   AssertionError: Expected 404: 422
E   assert 422 == 404
E    +  where 422 = &lt;Response [422]&gt;.status_code</failure></testcase><testcase classname="backend.tests.test_practitioner_verification.TestAPIEndpointsExist" name="test_practitioners_verify_endpoint_exists" time="0.037" /><testcase classname="backend.tests.test_practitioner_verification.TestAPIEndpointsExist" name="test_practitioners_my_status_endpoint_exists" time="0.048" /><testcase classname="backend.tests.test_practitioner_verification.TestAPIEndpointsExist" name="test_admin_verifications_endpoint_exists" time="0.042" /><testcase classname="backend.tests.test_practitioner_verification.TestAPIEndpointsExist" name="test_compound_annotations_get_endpoint_exists" time="0.044" /><testcase classname="backend.tests.test_practitioner_verification.TestAPIEndpointsExist" name="test_compound_annotations_post_endpoint_exists" time="0.036" /></testsuite></testsuites>