<?xml version="1.0" encoding="utf-8"?><testsuites name="pytest tests"><testsuite name="pytest" errors="0" failures="0" skipped="0" tests="16" time="1.973" timestamp="2026-02-08T01:58:11.071985+00:00" hostname="agent-env-9b9e9de1-a9ad-461f-8cc6-3d2e18c3c6db"><testcase classname="backend.tests.test_admin_invite_codes.TestAdminInviteCodes" name="test_api_health" time="0.074" /><testcase classname="backend.tests.test_admin_invite_codes.TestAdminInviteCodes" name="test_create_invite_code_basic" time="0.037" /><testcase classname="backend.tests.test_admin_invite_codes.TestAdminInviteCodes" name="test_create_invite_code_with_email" time="0.042" /><testcase classname="backend.tests.test_admin_invite_codes.TestAdminInviteCodes" name="test_create_invite_code_enterprise" time="0.033" /><testcase classname="backend.tests.test_admin_invite_codes.TestAdminInviteCodes" name="test_list_invite_codes" time="0.035" /><testcase classname="backend.tests.test_admin_invite_codes.TestAdminInviteCodes" name="test_validate_invite_code_valid" time="0.068" /><testcase classname="backend.tests.test_admin_invite_codes.TestAdminInviteCodes" name="test_validate_invite_code_invalid" time="0.035" /><testcase classname="backend.tests.test_admin_invite_codes.TestAdminInviteCodes" name="test_delete_invite_code" time="0.146" /><testcase classname="backend.tests.test_admin_invite_codes.TestAdminInviteCodes" name="test_delete_nonexistent_code" time="0.033" /><testcase classname="backend.tests.test_admin_invite_codes.TestUserRegistrationWithInvite" name="test_register_with_valid_invite_code" time="0.341" /><testcase classname="backend.tests.test_admin_invite_codes.TestUserRegistrationWithInvite" name="test_register_with_invalid_invite_code" time="0.036" /><testcase classname="backend.tests.test_admin_invite_codes.TestUserRegistrationWithInvite" name="test_register_with_used_invite_code" time="0.321" /><testcase classname="backend.tests.test_admin_invite_codes.TestUserRegistrationWithInvite" name="test_validate_used_invite_code" time="0.326" /><testcase classname="backend.tests.test_admin_invite_codes.TestAdminLogin" name="test_admin_login" time="0.257" /><testcase classname="backend.tests.test_admin_invite_codes.TestTrialRequests" name="test_get_trial_requests" time="0.034" /><testcase classname="backend.tests.test_admin_invite_codes.TestTrialRequests" name="test_create_trial_request" time="0.038" /></testsuite></testsuites>